2022-10-09 11:45:25.236  INFO 10452 --- [restartedMain] com.semih.UserServiceApplication         : Starting UserServiceApplication using Java 17.0.4.1 on Semih with PID 10452 (C:\Users\semih\Desktop\IdeaProjects\Microservices\user-service\build\classes\java\main started by semih in C:\Users\semih\Desktop\IdeaProjects\Microservices)
2022-10-09 11:45:25.237 DEBUG 10452 --- [restartedMain] com.semih.UserServiceApplication         : Running with Spring Boot v2.7.3, Spring v5.3.22
2022-10-09 11:45:25.238  INFO 10452 --- [restartedMain] com.semih.UserServiceApplication         : No active profile set, falling back to 1 default profile: "default"
2022-10-09 11:45:25.291  INFO 10452 --- [restartedMain] o.s.c.c.c.ConfigServerConfigDataLoader   : Fetching config from server at : http://localhost:8888
2022-10-09 11:45:25.291  INFO 10452 --- [restartedMain] o.s.c.c.c.ConfigServerConfigDataLoader   : Located environment: name=user-service-application-dev, profiles=[default], label=null, version=null, state=null
2022-10-09 11:45:25.294  INFO 10452 --- [restartedMain] .e.DevToolsPropertyDefaultsPostProcessor : Devtools property defaults active! Set 'spring.devtools.add-properties' to 'false' to disable
2022-10-09 11:45:25.295  INFO 10452 --- [restartedMain] .e.DevToolsPropertyDefaultsPostProcessor : For additional web related logging consider setting the 'logging.level.web' property to 'DEBUG'
2022-10-09 11:45:27.080  INFO 10452 --- [restartedMain] .s.d.r.c.RepositoryConfigurationDelegate : Multiple Spring Data modules found, entering strict repository configuration mode
2022-10-09 11:45:27.083  INFO 10452 --- [restartedMain] .s.d.r.c.RepositoryConfigurationDelegate : Bootstrapping Spring Data Redis repositories in DEFAULT mode.
2022-10-09 11:45:27.155  INFO 10452 --- [restartedMain] .s.d.r.c.RepositoryConfigurationDelegate : Finished Spring Data repository scanning in 8 ms. Found 0 Redis repository interfaces.
2022-10-09 11:45:27.957  INFO 10452 --- [restartedMain] .s.d.r.c.RepositoryConfigurationDelegate : Multiple Spring Data modules found, entering strict repository configuration mode
2022-10-09 11:45:27.959  INFO 10452 --- [restartedMain] .s.d.r.c.RepositoryConfigurationDelegate : Bootstrapping Spring Data JPA repositories in DEFAULT mode.
2022-10-09 11:45:28.293  INFO 10452 --- [restartedMain] .s.d.r.c.RepositoryConfigurationDelegate : Finished Spring Data repository scanning in 330 ms. Found 1 JPA repository interfaces.
2022-10-09 11:45:28.306  INFO 10452 --- [restartedMain] .s.d.r.c.RepositoryConfigurationDelegate : Multiple Spring Data modules found, entering strict repository configuration mode
2022-10-09 11:45:28.307  INFO 10452 --- [restartedMain] .s.d.r.c.RepositoryConfigurationDelegate : Bootstrapping Spring Data Redis repositories in DEFAULT mode.
2022-10-09 11:45:28.324  INFO 10452 --- [restartedMain] .RepositoryConfigurationExtensionSupport : Spring Data Redis - Could not safely identify store assignment for repository candidate interface com.semih.repository.IUserProfileRepository; If you want this repository to be a Redis repository, consider annotating your entities with one of these annotations: org.springframework.data.redis.core.RedisHash (preferred), or consider extending one of the following types with your repository: org.springframework.data.keyvalue.repository.KeyValueRepository
2022-10-09 11:45:28.325  INFO 10452 --- [restartedMain] .s.d.r.c.RepositoryConfigurationDelegate : Finished Spring Data repository scanning in 18 ms. Found 0 Redis repository interfaces.
2022-10-09 11:45:28.633  INFO 10452 --- [restartedMain] o.s.cloud.context.scope.GenericScope     : BeanFactory id=ef746650-8767-3195-9447-b058d1747907
2022-10-09 11:45:29.411  INFO 10452 --- [restartedMain] o.s.b.w.embedded.tomcat.TomcatWebServer  : Tomcat initialized with port(s): 9091 (http)
2022-10-09 11:45:29.530  INFO 10452 --- [restartedMain] w.s.c.ServletWebServerApplicationContext : Root WebApplicationContext: initialization completed in 4235 ms
2022-10-09 11:45:33.294  INFO 10452 --- [restartedMain] j.LocalContainerEntityManagerFactoryBean : Initialized JPA EntityManagerFactory for persistence unit 'default'
2022-10-09 11:45:34.120  WARN 10452 --- [restartedMain] JpaBaseConfiguration$JpaWebConfiguration : spring.jpa.open-in-view is enabled by default. Therefore, database queries may be performed during view rendering. Explicitly configure spring.jpa.open-in-view to disable this warning
2022-10-09 11:45:35.272  WARN 10452 --- [restartedMain] o.s.b.d.a.OptionalLiveReloadServer       : Unable to start LiveReload server
2022-10-09 11:45:35.451  INFO 10452 --- [restartedMain] o.s.b.a.e.web.EndpointLinksResolver      : Exposing 1 endpoint(s) beneath base path '/actuator'
2022-10-09 11:45:35.588  INFO 10452 --- [restartedMain] o.s.b.w.embedded.tomcat.TomcatWebServer  : Tomcat started on port(s): 9091 (http) with context path ''
2022-10-09 11:45:35.723  INFO 10452 --- [restartedMain] com.semih.UserServiceApplication         : Started UserServiceApplication in 11.912 seconds (JVM running for 12.976)
2022-10-09 11:45:36.228  INFO 10452 --- [RMI TCP Connection(2)-192.168.1.35] o.s.web.servlet.DispatcherServlet        : Initializing Servlet 'dispatcherServlet'
2022-10-09 11:45:36.231  INFO 10452 --- [RMI TCP Connection(2)-192.168.1.35] o.s.web.servlet.DispatcherServlet        : Completed initialization in 2 ms
2022-10-09 11:45:36.758  WARN 10452 --- [boundedElastic-1] o.s.b.a.r.RedisReactiveHealthIndicator   : Redis health check failed

org.springframework.data.redis.RedisConnectionFailureException: Unable to connect to Redis; nested exception is io.lettuce.core.RedisConnectionException: Unable to connect to localhost/<unresolved>:6379
	at org.springframework.data.redis.connection.lettuce.LettuceConnectionFactory$ExceptionTranslatingConnectionProvider.translateException(LettuceConnectionFactory.java:1689) ~[spring-data-redis-2.7.2.jar:2.7.2]
	at org.springframework.data.redis.connection.lettuce.LettuceConnectionFactory$ExceptionTranslatingConnectionProvider.getConnection(LettuceConnectionFactory.java:1597) ~[spring-data-redis-2.7.2.jar:2.7.2]
	at org.springframework.data.redis.connection.lettuce.LettuceConnectionFactory$SharedConnection.getNativeConnection(LettuceConnectionFactory.java:1383) ~[spring-data-redis-2.7.2.jar:2.7.2]
	at org.springframework.data.redis.connection.lettuce.LettuceConnectionFactory$SharedConnection.getConnection(LettuceConnectionFactory.java:1366) ~[spring-data-redis-2.7.2.jar:2.7.2]
	at org.springframework.data.redis.connection.lettuce.LettuceConnectionFactory.getSharedReactiveConnection(LettuceConnectionFactory.java:1117) ~[spring-data-redis-2.7.2.jar:2.7.2]
	at org.springframework.data.redis.connection.lettuce.LettuceConnectionFactory.getReactiveConnection(LettuceConnectionFactory.java:509) ~[spring-data-redis-2.7.2.jar:2.7.2]
	at org.springframework.data.redis.connection.lettuce.LettuceConnectionFactory.getReactiveConnection(LettuceConnectionFactory.java:103) ~[spring-data-redis-2.7.2.jar:2.7.2]
	at reactor.core.publisher.MonoSupplier.call(MonoSupplier.java:86) ~[reactor-core-3.4.22.jar:3.4.22]
	at reactor.core.publisher.FluxSubscribeOnCallable$CallableSubscribeOnSubscription.run(FluxSubscribeOnCallable.java:227) ~[reactor-core-3.4.22.jar:3.4.22]
	at reactor.core.scheduler.SchedulerTask.call(SchedulerTask.java:68) ~[reactor-core-3.4.22.jar:3.4.22]
	at reactor.core.scheduler.SchedulerTask.call(SchedulerTask.java:28) ~[reactor-core-3.4.22.jar:3.4.22]
	at java.base/java.util.concurrent.FutureTask.run(FutureTask.java:264) ~[na:na]
	at java.base/java.util.concurrent.ScheduledThreadPoolExecutor$ScheduledFutureTask.run(ScheduledThreadPoolExecutor.java:304) ~[na:na]
	at java.base/java.util.concurrent.ThreadPoolExecutor.runWorker(ThreadPoolExecutor.java:1136) ~[na:na]
	at java.base/java.util.concurrent.ThreadPoolExecutor$Worker.run(ThreadPoolExecutor.java:635) ~[na:na]
	at java.base/java.lang.Thread.run(Thread.java:833) ~[na:na]
Caused by: io.lettuce.core.RedisConnectionException: Unable to connect to localhost/<unresolved>:6379
	at io.lettuce.core.RedisConnectionException.create(RedisConnectionException.java:78) ~[lettuce-core-6.1.9.RELEASE.jar:6.1.9.RELEASE]
	at io.lettuce.core.RedisConnectionException.create(RedisConnectionException.java:56) ~[lettuce-core-6.1.9.RELEASE.jar:6.1.9.RELEASE]
	at io.lettuce.core.AbstractRedisClient.getConnection(AbstractRedisClient.java:330) ~[lettuce-core-6.1.9.RELEASE.jar:6.1.9.RELEASE]
	at io.lettuce.core.RedisClient.connect(RedisClient.java:216) ~[lettuce-core-6.1.9.RELEASE.jar:6.1.9.RELEASE]
	at org.springframework.data.redis.connection.lettuce.StandaloneConnectionProvider.lambda$getConnection$1(StandaloneConnectionProvider.java:115) ~[spring-data-redis-2.7.2.jar:2.7.2]
	at java.base/java.util.Optional.orElseGet(Optional.java:364) ~[na:na]
	at org.springframework.data.redis.connection.lettuce.StandaloneConnectionProvider.getConnection(StandaloneConnectionProvider.java:115) ~[spring-data-redis-2.7.2.jar:2.7.2]
	at org.springframework.data.redis.connection.lettuce.LettuceConnectionFactory$ExceptionTranslatingConnectionProvider.getConnection(LettuceConnectionFactory.java:1595) ~[spring-data-redis-2.7.2.jar:2.7.2]
	... 14 common frames omitted
Caused by: io.netty.channel.AbstractChannel$AnnotatedConnectException: Connection refused: no further information: localhost/127.0.0.1:6379
Caused by: java.net.ConnectException: Connection refused: no further information
	at java.base/sun.nio.ch.Net.pollConnect(Native Method) ~[na:na]
	at java.base/sun.nio.ch.Net.pollConnectNow(Net.java:672) ~[na:na]
	at java.base/sun.nio.ch.SocketChannelImpl.finishConnect(SocketChannelImpl.java:946) ~[na:na]
	at io.netty.channel.socket.nio.NioSocketChannel.doFinishConnect(NioSocketChannel.java:337) ~[netty-transport-4.1.79.Final.jar:4.1.79.Final]
	at io.netty.channel.nio.AbstractNioChannel$AbstractNioUnsafe.finishConnect(AbstractNioChannel.java:334) ~[netty-transport-4.1.79.Final.jar:4.1.79.Final]
	at io.netty.channel.nio.NioEventLoop.processSelectedKey(NioEventLoop.java:710) ~[netty-transport-4.1.79.Final.jar:4.1.79.Final]
	at io.netty.channel.nio.NioEventLoop.processSelectedKeysOptimized(NioEventLoop.java:658) ~[netty-transport-4.1.79.Final.jar:4.1.79.Final]
	at io.netty.channel.nio.NioEventLoop.processSelectedKeys(NioEventLoop.java:584) ~[netty-transport-4.1.79.Final.jar:4.1.79.Final]
	at io.netty.channel.nio.NioEventLoop.run(NioEventLoop.java:496) ~[netty-transport-4.1.79.Final.jar:4.1.79.Final]
	at io.netty.util.concurrent.SingleThreadEventExecutor$4.run(SingleThreadEventExecutor.java:997) ~[netty-common-4.1.79.Final.jar:4.1.79.Final]
	at io.netty.util.internal.ThreadExecutorMap$2.run(ThreadExecutorMap.java:74) ~[netty-common-4.1.79.Final.jar:4.1.79.Final]
	at io.netty.util.concurrent.FastThreadLocalRunnable.run(FastThreadLocalRunnable.java:30) ~[netty-common-4.1.79.Final.jar:4.1.79.Final]
	at java.base/java.lang.Thread.run(Thread.java:833) ~[na:na]

2022-10-09 11:45:57.056  INFO 10452 --- [SpringApplicationShutdownHook] j.LocalContainerEntityManagerFactoryBean : Closing JPA EntityManagerFactory for persistence unit 'default'
2022-10-09 11:46:02.055  INFO 12192 --- [restartedMain] com.semih.UserServiceApplication         : Starting UserServiceApplication using Java 17.0.4.1 on Semih with PID 12192 (C:\Users\semih\Desktop\IdeaProjects\Microservices\user-service\build\classes\java\main started by semih in C:\Users\semih\Desktop\IdeaProjects\Microservices)
2022-10-09 11:46:02.057 DEBUG 12192 --- [restartedMain] com.semih.UserServiceApplication         : Running with Spring Boot v2.7.3, Spring v5.3.22
2022-10-09 11:46:02.057  INFO 12192 --- [restartedMain] com.semih.UserServiceApplication         : No active profile set, falling back to 1 default profile: "default"
2022-10-09 11:46:02.107  INFO 12192 --- [restartedMain] o.s.c.c.c.ConfigServerConfigDataLoader   : Fetching config from server at : http://localhost:8888
2022-10-09 11:46:02.107  INFO 12192 --- [restartedMain] o.s.c.c.c.ConfigServerConfigDataLoader   : Located environment: name=user-service-application-dev, profiles=[default], label=null, version=null, state=null
2022-10-09 11:46:02.110  INFO 12192 --- [restartedMain] .e.DevToolsPropertyDefaultsPostProcessor : Devtools property defaults active! Set 'spring.devtools.add-properties' to 'false' to disable
2022-10-09 11:46:02.110  INFO 12192 --- [restartedMain] .e.DevToolsPropertyDefaultsPostProcessor : For additional web related logging consider setting the 'logging.level.web' property to 'DEBUG'
2022-10-09 11:46:02.914  INFO 12192 --- [restartedMain] .s.d.r.c.RepositoryConfigurationDelegate : Multiple Spring Data modules found, entering strict repository configuration mode
2022-10-09 11:46:02.916  INFO 12192 --- [restartedMain] .s.d.r.c.RepositoryConfigurationDelegate : Bootstrapping Spring Data Redis repositories in DEFAULT mode.
2022-10-09 11:46:02.942  INFO 12192 --- [restartedMain] .s.d.r.c.RepositoryConfigurationDelegate : Finished Spring Data repository scanning in 11 ms. Found 0 Redis repository interfaces.
2022-10-09 11:46:03.410  INFO 12192 --- [restartedMain] .s.d.r.c.RepositoryConfigurationDelegate : Multiple Spring Data modules found, entering strict repository configuration mode
2022-10-09 11:46:03.413  INFO 12192 --- [restartedMain] .s.d.r.c.RepositoryConfigurationDelegate : Bootstrapping Spring Data JPA repositories in DEFAULT mode.
2022-10-09 11:46:03.558  INFO 12192 --- [restartedMain] .s.d.r.c.RepositoryConfigurationDelegate : Finished Spring Data repository scanning in 141 ms. Found 1 JPA repository interfaces.
2022-10-09 11:46:03.563  INFO 12192 --- [restartedMain] .s.d.r.c.RepositoryConfigurationDelegate : Multiple Spring Data modules found, entering strict repository configuration mode
2022-10-09 11:46:03.565  INFO 12192 --- [restartedMain] .s.d.r.c.RepositoryConfigurationDelegate : Bootstrapping Spring Data Redis repositories in DEFAULT mode.
2022-10-09 11:46:03.572  INFO 12192 --- [restartedMain] .RepositoryConfigurationExtensionSupport : Spring Data Redis - Could not safely identify store assignment for repository candidate interface com.semih.repository.IUserProfileRepository; If you want this repository to be a Redis repository, consider annotating your entities with one of these annotations: org.springframework.data.redis.core.RedisHash (preferred), or consider extending one of the following types with your repository: org.springframework.data.keyvalue.repository.KeyValueRepository
2022-10-09 11:46:03.573  INFO 12192 --- [restartedMain] .s.d.r.c.RepositoryConfigurationDelegate : Finished Spring Data repository scanning in 9 ms. Found 0 Redis repository interfaces.
2022-10-09 11:46:03.821  INFO 12192 --- [restartedMain] o.s.cloud.context.scope.GenericScope     : BeanFactory id=ef746650-8767-3195-9447-b058d1747907
2022-10-09 11:46:04.547  INFO 12192 --- [restartedMain] o.s.b.w.embedded.tomcat.TomcatWebServer  : Tomcat initialized with port(s): 9091 (http)
2022-10-09 11:46:04.671  INFO 12192 --- [restartedMain] w.s.c.ServletWebServerApplicationContext : Root WebApplicationContext: initialization completed in 2561 ms
2022-10-09 11:46:06.572  INFO 12192 --- [restartedMain] j.LocalContainerEntityManagerFactoryBean : Initialized JPA EntityManagerFactory for persistence unit 'default'
2022-10-09 11:46:07.379  WARN 12192 --- [restartedMain] JpaBaseConfiguration$JpaWebConfiguration : spring.jpa.open-in-view is enabled by default. Therefore, database queries may be performed during view rendering. Explicitly configure spring.jpa.open-in-view to disable this warning
2022-10-09 11:46:08.514  WARN 12192 --- [restartedMain] o.s.b.d.a.OptionalLiveReloadServer       : Unable to start LiveReload server
2022-10-09 11:46:08.676  INFO 12192 --- [restartedMain] o.s.b.a.e.web.EndpointLinksResolver      : Exposing 1 endpoint(s) beneath base path '/actuator'
2022-10-09 11:46:08.772  INFO 12192 --- [restartedMain] o.s.b.w.embedded.tomcat.TomcatWebServer  : Tomcat started on port(s): 9091 (http) with context path ''
2022-10-09 11:46:08.898  INFO 12192 --- [restartedMain] com.semih.UserServiceApplication         : Started UserServiceApplication in 7.898 seconds (JVM running for 8.844)
2022-10-09 11:46:09.442  INFO 12192 --- [RMI TCP Connection(2)-192.168.1.35] o.s.web.servlet.DispatcherServlet        : Initializing Servlet 'dispatcherServlet'
2022-10-09 11:46:09.452  INFO 12192 --- [RMI TCP Connection(2)-192.168.1.35] o.s.web.servlet.DispatcherServlet        : Completed initialization in 9 ms
2022-10-09 13:53:20.135  WARN 12192 --- [HikariPool-1 housekeeper] com.zaxxer.hikari.pool.HikariPool        : HikariPool-1 - Thread starvation or clock leap detected (housekeeper delta=21m42s646ms909µs).
2022-10-09 14:26:51.911  INFO 12192 --- [SpringApplicationShutdownHook] j.LocalContainerEntityManagerFactoryBean : Closing JPA EntityManagerFactory for persistence unit 'default'
2022-10-09 14:27:08.597  INFO 20068 --- [restartedMain] com.semih.UserServiceApplication         : Starting UserServiceApplication using Java 17.0.4.1 on Semih with PID 20068 (C:\Users\semih\Desktop\IdeaProjects\Microservices\user-service\build\classes\java\main started by semih in C:\Users\semih\Desktop\IdeaProjects\Microservices)
2022-10-09 14:27:08.598 DEBUG 20068 --- [restartedMain] com.semih.UserServiceApplication         : Running with Spring Boot v2.7.3, Spring v5.3.22
2022-10-09 14:27:08.599  INFO 20068 --- [restartedMain] com.semih.UserServiceApplication         : No active profile set, falling back to 1 default profile: "default"
2022-10-09 14:27:08.659  INFO 20068 --- [restartedMain] o.s.c.c.c.ConfigServerConfigDataLoader   : Fetching config from server at : http://localhost:8888
2022-10-09 14:27:08.659  INFO 20068 --- [restartedMain] o.s.c.c.c.ConfigServerConfigDataLoader   : Located environment: name=user-service-application-dev, profiles=[default], label=null, version=null, state=null
2022-10-09 14:27:08.662  INFO 20068 --- [restartedMain] .e.DevToolsPropertyDefaultsPostProcessor : Devtools property defaults active! Set 'spring.devtools.add-properties' to 'false' to disable
2022-10-09 14:27:08.663  INFO 20068 --- [restartedMain] .e.DevToolsPropertyDefaultsPostProcessor : For additional web related logging consider setting the 'logging.level.web' property to 'DEBUG'
2022-10-09 14:27:09.579  INFO 20068 --- [restartedMain] .s.d.r.c.RepositoryConfigurationDelegate : Multiple Spring Data modules found, entering strict repository configuration mode
2022-10-09 14:27:09.580  INFO 20068 --- [restartedMain] .s.d.r.c.RepositoryConfigurationDelegate : Bootstrapping Spring Data Redis repositories in DEFAULT mode.
2022-10-09 14:27:09.598  INFO 20068 --- [restartedMain] .s.d.r.c.RepositoryConfigurationDelegate : Finished Spring Data repository scanning in 4 ms. Found 0 Redis repository interfaces.
2022-10-09 14:27:10.127  INFO 20068 --- [restartedMain] .s.d.r.c.RepositoryConfigurationDelegate : Multiple Spring Data modules found, entering strict repository configuration mode
2022-10-09 14:27:10.128  INFO 20068 --- [restartedMain] .s.d.r.c.RepositoryConfigurationDelegate : Bootstrapping Spring Data JPA repositories in DEFAULT mode.
2022-10-09 14:27:10.310  INFO 20068 --- [restartedMain] .s.d.r.c.RepositoryConfigurationDelegate : Finished Spring Data repository scanning in 175 ms. Found 1 JPA repository interfaces.
2022-10-09 14:27:10.317  INFO 20068 --- [restartedMain] .s.d.r.c.RepositoryConfigurationDelegate : Multiple Spring Data modules found, entering strict repository configuration mode
2022-10-09 14:27:10.317  INFO 20068 --- [restartedMain] .s.d.r.c.RepositoryConfigurationDelegate : Bootstrapping Spring Data Redis repositories in DEFAULT mode.
2022-10-09 14:27:10.324  INFO 20068 --- [restartedMain] .RepositoryConfigurationExtensionSupport : Spring Data Redis - Could not safely identify store assignment for repository candidate interface com.semih.repository.IUserProfileRepository; If you want this repository to be a Redis repository, consider annotating your entities with one of these annotations: org.springframework.data.redis.core.RedisHash (preferred), or consider extending one of the following types with your repository: org.springframework.data.keyvalue.repository.KeyValueRepository
2022-10-09 14:27:10.325  INFO 20068 --- [restartedMain] .s.d.r.c.RepositoryConfigurationDelegate : Finished Spring Data repository scanning in 8 ms. Found 0 Redis repository interfaces.
2022-10-09 14:27:10.685  INFO 20068 --- [restartedMain] o.s.cloud.context.scope.GenericScope     : BeanFactory id=ef746650-8767-3195-9447-b058d1747907
2022-10-09 14:27:11.457  INFO 20068 --- [restartedMain] o.s.b.w.embedded.tomcat.TomcatWebServer  : Tomcat initialized with port(s): 9091 (http)
2022-10-09 14:27:11.587  INFO 20068 --- [restartedMain] w.s.c.ServletWebServerApplicationContext : Root WebApplicationContext: initialization completed in 2924 ms
2022-10-09 14:27:13.806  INFO 20068 --- [restartedMain] j.LocalContainerEntityManagerFactoryBean : Initialized JPA EntityManagerFactory for persistence unit 'default'
2022-10-09 14:27:14.679  WARN 20068 --- [restartedMain] JpaBaseConfiguration$JpaWebConfiguration : spring.jpa.open-in-view is enabled by default. Therefore, database queries may be performed during view rendering. Explicitly configure spring.jpa.open-in-view to disable this warning
2022-10-09 14:27:16.050  WARN 20068 --- [restartedMain] o.s.b.d.a.OptionalLiveReloadServer       : Unable to start LiveReload server
2022-10-09 14:27:16.217  INFO 20068 --- [restartedMain] o.s.b.a.e.web.EndpointLinksResolver      : Exposing 1 endpoint(s) beneath base path '/actuator'
2022-10-09 14:27:16.345  INFO 20068 --- [restartedMain] o.s.b.w.embedded.tomcat.TomcatWebServer  : Tomcat started on port(s): 9091 (http) with context path ''
2022-10-09 14:27:16.480  INFO 20068 --- [restartedMain] com.semih.UserServiceApplication         : Started UserServiceApplication in 9.104 seconds (JVM running for 10.073)
2022-10-09 14:27:16.839  INFO 20068 --- [RMI TCP Connection(1)-192.168.1.35] o.s.web.servlet.DispatcherServlet        : Initializing Servlet 'dispatcherServlet'
2022-10-09 14:27:16.845  INFO 20068 --- [RMI TCP Connection(1)-192.168.1.35] o.s.web.servlet.DispatcherServlet        : Completed initialization in 5 ms
2022-10-09 14:32:34.508  INFO 20068 --- [SpringApplicationShutdownHook] j.LocalContainerEntityManagerFactoryBean : Closing JPA EntityManagerFactory for persistence unit 'default'
2022-10-09 14:32:40.224  INFO 7852 --- [restartedMain] com.semih.UserServiceApplication         : Starting UserServiceApplication using Java 17.0.4.1 on Semih with PID 7852 (C:\Users\semih\Desktop\IdeaProjects\Microservices\user-service\build\classes\java\main started by semih in C:\Users\semih\Desktop\IdeaProjects\Microservices)
2022-10-09 14:32:40.225 DEBUG 7852 --- [restartedMain] com.semih.UserServiceApplication         : Running with Spring Boot v2.7.3, Spring v5.3.22
2022-10-09 14:32:40.226  INFO 7852 --- [restartedMain] com.semih.UserServiceApplication         : No active profile set, falling back to 1 default profile: "default"
2022-10-09 14:32:40.292  INFO 7852 --- [restartedMain] o.s.c.c.c.ConfigServerConfigDataLoader   : Fetching config from server at : http://localhost:8888
2022-10-09 14:32:40.292  INFO 7852 --- [restartedMain] o.s.c.c.c.ConfigServerConfigDataLoader   : Located environment: name=user-service-application-dev, profiles=[default], label=null, version=null, state=null
2022-10-09 14:32:40.296  INFO 7852 --- [restartedMain] .e.DevToolsPropertyDefaultsPostProcessor : Devtools property defaults active! Set 'spring.devtools.add-properties' to 'false' to disable
2022-10-09 14:32:40.297  INFO 7852 --- [restartedMain] .e.DevToolsPropertyDefaultsPostProcessor : For additional web related logging consider setting the 'logging.level.web' property to 'DEBUG'
2022-10-09 14:32:41.351  INFO 7852 --- [restartedMain] .s.d.r.c.RepositoryConfigurationDelegate : Multiple Spring Data modules found, entering strict repository configuration mode
2022-10-09 14:32:41.353  INFO 7852 --- [restartedMain] .s.d.r.c.RepositoryConfigurationDelegate : Bootstrapping Spring Data Redis repositories in DEFAULT mode.
2022-10-09 14:32:41.372  INFO 7852 --- [restartedMain] .s.d.r.c.RepositoryConfigurationDelegate : Finished Spring Data repository scanning in 5 ms. Found 0 Redis repository interfaces.
2022-10-09 14:32:41.925  INFO 7852 --- [restartedMain] .s.d.r.c.RepositoryConfigurationDelegate : Multiple Spring Data modules found, entering strict repository configuration mode
2022-10-09 14:32:41.926  INFO 7852 --- [restartedMain] .s.d.r.c.RepositoryConfigurationDelegate : Bootstrapping Spring Data JPA repositories in DEFAULT mode.
2022-10-09 14:32:42.086  INFO 7852 --- [restartedMain] .s.d.r.c.RepositoryConfigurationDelegate : Finished Spring Data repository scanning in 156 ms. Found 1 JPA repository interfaces.
2022-10-09 14:32:42.094  INFO 7852 --- [restartedMain] .s.d.r.c.RepositoryConfigurationDelegate : Multiple Spring Data modules found, entering strict repository configuration mode
2022-10-09 14:32:42.095  INFO 7852 --- [restartedMain] .s.d.r.c.RepositoryConfigurationDelegate : Bootstrapping Spring Data Redis repositories in DEFAULT mode.
2022-10-09 14:32:42.105  INFO 7852 --- [restartedMain] .RepositoryConfigurationExtensionSupport : Spring Data Redis - Could not safely identify store assignment for repository candidate interface com.semih.repository.IUserProfileRepository; If you want this repository to be a Redis repository, consider annotating your entities with one of these annotations: org.springframework.data.redis.core.RedisHash (preferred), or consider extending one of the following types with your repository: org.springframework.data.keyvalue.repository.KeyValueRepository
2022-10-09 14:32:42.106  INFO 7852 --- [restartedMain] .s.d.r.c.RepositoryConfigurationDelegate : Finished Spring Data repository scanning in 9 ms. Found 0 Redis repository interfaces.
2022-10-09 14:32:42.373  INFO 7852 --- [restartedMain] o.s.cloud.context.scope.GenericScope     : BeanFactory id=ef746650-8767-3195-9447-b058d1747907
2022-10-09 14:32:43.140  INFO 7852 --- [restartedMain] o.s.b.w.embedded.tomcat.TomcatWebServer  : Tomcat initialized with port(s): 9091 (http)
2022-10-09 14:32:43.285  INFO 7852 --- [restartedMain] w.s.c.ServletWebServerApplicationContext : Root WebApplicationContext: initialization completed in 2987 ms
2022-10-09 14:32:45.232  INFO 7852 --- [restartedMain] j.LocalContainerEntityManagerFactoryBean : Initialized JPA EntityManagerFactory for persistence unit 'default'
2022-10-09 14:32:46.177  WARN 7852 --- [restartedMain] JpaBaseConfiguration$JpaWebConfiguration : spring.jpa.open-in-view is enabled by default. Therefore, database queries may be performed during view rendering. Explicitly configure spring.jpa.open-in-view to disable this warning
2022-10-09 14:32:47.925  WARN 7852 --- [restartedMain] o.s.b.d.a.OptionalLiveReloadServer       : Unable to start LiveReload server
2022-10-09 14:32:48.210  INFO 7852 --- [restartedMain] o.s.b.a.e.web.EndpointLinksResolver      : Exposing 1 endpoint(s) beneath base path '/actuator'
2022-10-09 14:32:48.343  INFO 7852 --- [restartedMain] o.s.b.w.embedded.tomcat.TomcatWebServer  : Tomcat started on port(s): 9091 (http) with context path ''
2022-10-09 14:32:48.604  INFO 7852 --- [restartedMain] com.semih.UserServiceApplication         : Started UserServiceApplication in 9.563 seconds (JVM running for 10.7)
2022-10-09 14:32:48.838  INFO 7852 --- [RMI TCP Connection(1)-192.168.1.35] o.s.web.servlet.DispatcherServlet        : Initializing Servlet 'dispatcherServlet'
2022-10-09 14:32:48.844  INFO 7852 --- [RMI TCP Connection(1)-192.168.1.35] o.s.web.servlet.DispatcherServlet        : Completed initialization in 4 ms
2022-10-09 14:37:46.237  INFO 7852 --- [SpringApplicationShutdownHook] j.LocalContainerEntityManagerFactoryBean : Closing JPA EntityManagerFactory for persistence unit 'default'
2022-10-09 14:38:06.406  INFO 9624 --- [restartedMain] com.semih.UserServiceApplication         : Starting UserServiceApplication using Java 17.0.4.1 on Semih with PID 9624 (C:\Users\semih\Desktop\IdeaProjects\Microservices\user-service\build\classes\java\main started by semih in C:\Users\semih\Desktop\IdeaProjects\Microservices)
2022-10-09 14:38:06.408 DEBUG 9624 --- [restartedMain] com.semih.UserServiceApplication         : Running with Spring Boot v2.7.3, Spring v5.3.22
2022-10-09 14:38:06.408  INFO 9624 --- [restartedMain] com.semih.UserServiceApplication         : No active profile set, falling back to 1 default profile: "default"
2022-10-09 14:38:06.456  INFO 9624 --- [restartedMain] o.s.c.c.c.ConfigServerConfigDataLoader   : Fetching config from server at : http://localhost:8888
2022-10-09 14:38:06.457  INFO 9624 --- [restartedMain] o.s.c.c.c.ConfigServerConfigDataLoader   : Located environment: name=user-service-application-dev, profiles=[default], label=null, version=null, state=null
2022-10-09 14:38:06.460  INFO 9624 --- [restartedMain] .e.DevToolsPropertyDefaultsPostProcessor : Devtools property defaults active! Set 'spring.devtools.add-properties' to 'false' to disable
2022-10-09 14:38:06.460  INFO 9624 --- [restartedMain] .e.DevToolsPropertyDefaultsPostProcessor : For additional web related logging consider setting the 'logging.level.web' property to 'DEBUG'
2022-10-09 14:38:07.522  INFO 9624 --- [restartedMain] .s.d.r.c.RepositoryConfigurationDelegate : Multiple Spring Data modules found, entering strict repository configuration mode
2022-10-09 14:38:07.524  INFO 9624 --- [restartedMain] .s.d.r.c.RepositoryConfigurationDelegate : Bootstrapping Spring Data Redis repositories in DEFAULT mode.
2022-10-09 14:38:07.548  INFO 9624 --- [restartedMain] .s.d.r.c.RepositoryConfigurationDelegate : Finished Spring Data repository scanning in 7 ms. Found 0 Redis repository interfaces.
2022-10-09 14:38:08.100  INFO 9624 --- [restartedMain] .s.d.r.c.RepositoryConfigurationDelegate : Multiple Spring Data modules found, entering strict repository configuration mode
2022-10-09 14:38:08.101  INFO 9624 --- [restartedMain] .s.d.r.c.RepositoryConfigurationDelegate : Bootstrapping Spring Data JPA repositories in DEFAULT mode.
2022-10-09 14:38:08.250  INFO 9624 --- [restartedMain] .s.d.r.c.RepositoryConfigurationDelegate : Finished Spring Data repository scanning in 145 ms. Found 1 JPA repository interfaces.
2022-10-09 14:38:08.257  INFO 9624 --- [restartedMain] .s.d.r.c.RepositoryConfigurationDelegate : Multiple Spring Data modules found, entering strict repository configuration mode
2022-10-09 14:38:08.257  INFO 9624 --- [restartedMain] .s.d.r.c.RepositoryConfigurationDelegate : Bootstrapping Spring Data Redis repositories in DEFAULT mode.
2022-10-09 14:38:08.266  INFO 9624 --- [restartedMain] .RepositoryConfigurationExtensionSupport : Spring Data Redis - Could not safely identify store assignment for repository candidate interface com.semih.repository.IUserProfileRepository; If you want this repository to be a Redis repository, consider annotating your entities with one of these annotations: org.springframework.data.redis.core.RedisHash (preferred), or consider extending one of the following types with your repository: org.springframework.data.keyvalue.repository.KeyValueRepository
2022-10-09 14:38:08.267  INFO 9624 --- [restartedMain] .s.d.r.c.RepositoryConfigurationDelegate : Finished Spring Data repository scanning in 9 ms. Found 0 Redis repository interfaces.
2022-10-09 14:38:08.558  INFO 9624 --- [restartedMain] o.s.cloud.context.scope.GenericScope     : BeanFactory id=ef746650-8767-3195-9447-b058d1747907
2022-10-09 14:38:09.303  INFO 9624 --- [restartedMain] o.s.b.w.embedded.tomcat.TomcatWebServer  : Tomcat initialized with port(s): 9091 (http)
2022-10-09 14:38:09.424  INFO 9624 --- [restartedMain] w.s.c.ServletWebServerApplicationContext : Root WebApplicationContext: initialization completed in 2964 ms
2022-10-09 14:38:11.502  INFO 9624 --- [restartedMain] j.LocalContainerEntityManagerFactoryBean : Initialized JPA EntityManagerFactory for persistence unit 'default'
2022-10-09 14:38:12.406  WARN 9624 --- [restartedMain] JpaBaseConfiguration$JpaWebConfiguration : spring.jpa.open-in-view is enabled by default. Therefore, database queries may be performed during view rendering. Explicitly configure spring.jpa.open-in-view to disable this warning
2022-10-09 14:38:13.656  WARN 9624 --- [restartedMain] o.s.b.d.a.OptionalLiveReloadServer       : Unable to start LiveReload server
2022-10-09 14:38:13.853  INFO 9624 --- [restartedMain] o.s.b.a.e.web.EndpointLinksResolver      : Exposing 1 endpoint(s) beneath base path '/actuator'
2022-10-09 14:38:13.977  INFO 9624 --- [restartedMain] o.s.b.w.embedded.tomcat.TomcatWebServer  : Tomcat started on port(s): 9091 (http) with context path ''
2022-10-09 14:38:14.111  INFO 9624 --- [restartedMain] com.semih.UserServiceApplication         : Started UserServiceApplication in 9.06 seconds (JVM running for 10.095)
2022-10-09 14:38:14.435  INFO 9624 --- [RMI TCP Connection(1)-192.168.1.35] o.s.web.servlet.DispatcherServlet        : Initializing Servlet 'dispatcherServlet'
2022-10-09 14:38:14.441  INFO 9624 --- [RMI TCP Connection(1)-192.168.1.35] o.s.web.servlet.DispatcherServlet        : Completed initialization in 4 ms
2022-10-09 14:47:24.834  INFO 9624 --- [SpringApplicationShutdownHook] j.LocalContainerEntityManagerFactoryBean : Closing JPA EntityManagerFactory for persistence unit 'default'
2022-10-09 14:47:29.813  INFO 1624 --- [restartedMain] com.semih.UserServiceApplication         : Starting UserServiceApplication using Java 17.0.4.1 on Semih with PID 1624 (C:\Users\semih\Desktop\IdeaProjects\Microservices\user-service\build\classes\java\main started by semih in C:\Users\semih\Desktop\IdeaProjects\Microservices)
2022-10-09 14:47:29.814 DEBUG 1624 --- [restartedMain] com.semih.UserServiceApplication         : Running with Spring Boot v2.7.3, Spring v5.3.22
2022-10-09 14:47:29.815  INFO 1624 --- [restartedMain] com.semih.UserServiceApplication         : No active profile set, falling back to 1 default profile: "default"
2022-10-09 14:47:29.857  INFO 1624 --- [restartedMain] o.s.c.c.c.ConfigServerConfigDataLoader   : Fetching config from server at : http://localhost:8888
2022-10-09 14:47:29.857  INFO 1624 --- [restartedMain] o.s.c.c.c.ConfigServerConfigDataLoader   : Located environment: name=user-service-application-dev, profiles=[default], label=null, version=null, state=null
2022-10-09 14:47:29.859  INFO 1624 --- [restartedMain] .e.DevToolsPropertyDefaultsPostProcessor : Devtools property defaults active! Set 'spring.devtools.add-properties' to 'false' to disable
2022-10-09 14:47:29.860  INFO 1624 --- [restartedMain] .e.DevToolsPropertyDefaultsPostProcessor : For additional web related logging consider setting the 'logging.level.web' property to 'DEBUG'
2022-10-09 14:47:31.043  INFO 1624 --- [restartedMain] .s.d.r.c.RepositoryConfigurationDelegate : Multiple Spring Data modules found, entering strict repository configuration mode
2022-10-09 14:47:31.047  INFO 1624 --- [restartedMain] .s.d.r.c.RepositoryConfigurationDelegate : Bootstrapping Spring Data Redis repositories in DEFAULT mode.
2022-10-09 14:47:31.077  INFO 1624 --- [restartedMain] .s.d.r.c.RepositoryConfigurationDelegate : Finished Spring Data repository scanning in 4 ms. Found 0 Redis repository interfaces.
2022-10-09 14:47:32.397  INFO 1624 --- [restartedMain] .s.d.r.c.RepositoryConfigurationDelegate : Multiple Spring Data modules found, entering strict repository configuration mode
2022-10-09 14:47:32.400  INFO 1624 --- [restartedMain] .s.d.r.c.RepositoryConfigurationDelegate : Bootstrapping Spring Data JPA repositories in DEFAULT mode.
2022-10-09 14:47:32.655  INFO 1624 --- [restartedMain] .s.d.r.c.RepositoryConfigurationDelegate : Finished Spring Data repository scanning in 247 ms. Found 1 JPA repository interfaces.
2022-10-09 14:47:32.665  INFO 1624 --- [restartedMain] .s.d.r.c.RepositoryConfigurationDelegate : Multiple Spring Data modules found, entering strict repository configuration mode
2022-10-09 14:47:32.666  INFO 1624 --- [restartedMain] .s.d.r.c.RepositoryConfigurationDelegate : Bootstrapping Spring Data Redis repositories in DEFAULT mode.
2022-10-09 14:47:32.678  INFO 1624 --- [restartedMain] .RepositoryConfigurationExtensionSupport : Spring Data Redis - Could not safely identify store assignment for repository candidate interface com.semih.repository.IUserProfileRepository; If you want this repository to be a Redis repository, consider annotating your entities with one of these annotations: org.springframework.data.redis.core.RedisHash (preferred), or consider extending one of the following types with your repository: org.springframework.data.keyvalue.repository.KeyValueRepository
2022-10-09 14:47:32.679  INFO 1624 --- [restartedMain] .s.d.r.c.RepositoryConfigurationDelegate : Finished Spring Data repository scanning in 13 ms. Found 0 Redis repository interfaces.
2022-10-09 14:47:33.108  INFO 1624 --- [restartedMain] o.s.cloud.context.scope.GenericScope     : BeanFactory id=ef746650-8767-3195-9447-b058d1747907
2022-10-09 14:47:34.659  INFO 1624 --- [restartedMain] o.s.b.w.embedded.tomcat.TomcatWebServer  : Tomcat initialized with port(s): 9091 (http)
2022-10-09 14:47:34.842  INFO 1624 --- [restartedMain] w.s.c.ServletWebServerApplicationContext : Root WebApplicationContext: initialization completed in 4982 ms
2022-10-09 14:47:37.668  INFO 1624 --- [restartedMain] j.LocalContainerEntityManagerFactoryBean : Initialized JPA EntityManagerFactory for persistence unit 'default'
2022-10-09 14:47:38.647  WARN 1624 --- [restartedMain] JpaBaseConfiguration$JpaWebConfiguration : spring.jpa.open-in-view is enabled by default. Therefore, database queries may be performed during view rendering. Explicitly configure spring.jpa.open-in-view to disable this warning
2022-10-09 14:47:40.200  WARN 1624 --- [restartedMain] o.s.b.d.a.OptionalLiveReloadServer       : Unable to start LiveReload server
2022-10-09 14:47:40.426  INFO 1624 --- [restartedMain] o.s.b.a.e.web.EndpointLinksResolver      : Exposing 1 endpoint(s) beneath base path '/actuator'
2022-10-09 14:47:40.665  INFO 1624 --- [restartedMain] o.s.b.w.embedded.tomcat.TomcatWebServer  : Tomcat started on port(s): 9091 (http) with context path ''
2022-10-09 14:47:40.843  INFO 1624 --- [restartedMain] com.semih.UserServiceApplication         : Started UserServiceApplication in 12.225 seconds (JVM running for 13.21)
2022-10-09 14:47:41.160  INFO 1624 --- [RMI TCP Connection(7)-192.168.1.35] o.s.web.servlet.DispatcherServlet        : Initializing Servlet 'dispatcherServlet'
2022-10-09 14:47:41.163  INFO 1624 --- [RMI TCP Connection(7)-192.168.1.35] o.s.web.servlet.DispatcherServlet        : Completed initialization in 2 ms
2022-10-09 15:24:39.171  INFO 1624 --- [SpringApplicationShutdownHook] j.LocalContainerEntityManagerFactoryBean : Closing JPA EntityManagerFactory for persistence unit 'default'
2022-10-09 15:24:44.171  INFO 18500 --- [restartedMain] com.semih.UserServiceApplication         : Starting UserServiceApplication using Java 17.0.4.1 on Semih with PID 18500 (C:\Users\semih\Desktop\IdeaProjects\Microservices\user-service\build\classes\java\main started by semih in C:\Users\semih\Desktop\IdeaProjects\Microservices)
2022-10-09 15:24:44.173 DEBUG 18500 --- [restartedMain] com.semih.UserServiceApplication         : Running with Spring Boot v2.7.3, Spring v5.3.22
2022-10-09 15:24:44.173  INFO 18500 --- [restartedMain] com.semih.UserServiceApplication         : No active profile set, falling back to 1 default profile: "default"
2022-10-09 15:24:44.224  INFO 18500 --- [restartedMain] o.s.c.c.c.ConfigServerConfigDataLoader   : Fetching config from server at : http://localhost:8888
2022-10-09 15:24:44.224  INFO 18500 --- [restartedMain] o.s.c.c.c.ConfigServerConfigDataLoader   : Located environment: name=user-service-application-dev, profiles=[default], label=null, version=null, state=null
2022-10-09 15:24:44.226  INFO 18500 --- [restartedMain] .e.DevToolsPropertyDefaultsPostProcessor : Devtools property defaults active! Set 'spring.devtools.add-properties' to 'false' to disable
2022-10-09 15:24:44.226  INFO 18500 --- [restartedMain] .e.DevToolsPropertyDefaultsPostProcessor : For additional web related logging consider setting the 'logging.level.web' property to 'DEBUG'
2022-10-09 15:24:45.152  INFO 18500 --- [restartedMain] .s.d.r.c.RepositoryConfigurationDelegate : Multiple Spring Data modules found, entering strict repository configuration mode
2022-10-09 15:24:45.153  INFO 18500 --- [restartedMain] .s.d.r.c.RepositoryConfigurationDelegate : Bootstrapping Spring Data Redis repositories in DEFAULT mode.
2022-10-09 15:24:45.174  INFO 18500 --- [restartedMain] .s.d.r.c.RepositoryConfigurationDelegate : Finished Spring Data repository scanning in 6 ms. Found 0 Redis repository interfaces.
2022-10-09 15:24:45.732  INFO 18500 --- [restartedMain] .s.d.r.c.RepositoryConfigurationDelegate : Multiple Spring Data modules found, entering strict repository configuration mode
2022-10-09 15:24:45.734  INFO 18500 --- [restartedMain] .s.d.r.c.RepositoryConfigurationDelegate : Bootstrapping Spring Data JPA repositories in DEFAULT mode.
2022-10-09 15:24:45.902  INFO 18500 --- [restartedMain] .s.d.r.c.RepositoryConfigurationDelegate : Finished Spring Data repository scanning in 162 ms. Found 1 JPA repository interfaces.
2022-10-09 15:24:45.908  INFO 18500 --- [restartedMain] .s.d.r.c.RepositoryConfigurationDelegate : Multiple Spring Data modules found, entering strict repository configuration mode
2022-10-09 15:24:45.909  INFO 18500 --- [restartedMain] .s.d.r.c.RepositoryConfigurationDelegate : Bootstrapping Spring Data Redis repositories in DEFAULT mode.
2022-10-09 15:24:45.919  INFO 18500 --- [restartedMain] .RepositoryConfigurationExtensionSupport : Spring Data Redis - Could not safely identify store assignment for repository candidate interface com.semih.repository.IUserProfileRepository; If you want this repository to be a Redis repository, consider annotating your entities with one of these annotations: org.springframework.data.redis.core.RedisHash (preferred), or consider extending one of the following types with your repository: org.springframework.data.keyvalue.repository.KeyValueRepository
2022-10-09 15:24:45.919  INFO 18500 --- [restartedMain] .s.d.r.c.RepositoryConfigurationDelegate : Finished Spring Data repository scanning in 10 ms. Found 0 Redis repository interfaces.
2022-10-09 15:24:46.183  INFO 18500 --- [restartedMain] o.s.cloud.context.scope.GenericScope     : BeanFactory id=ef746650-8767-3195-9447-b058d1747907
2022-10-09 15:24:47.010  INFO 18500 --- [restartedMain] o.s.b.w.embedded.tomcat.TomcatWebServer  : Tomcat initialized with port(s): 9091 (http)
2022-10-09 15:24:47.152  INFO 18500 --- [restartedMain] w.s.c.ServletWebServerApplicationContext : Root WebApplicationContext: initialization completed in 2925 ms
2022-10-09 15:24:49.118  INFO 18500 --- [restartedMain] j.LocalContainerEntityManagerFactoryBean : Initialized JPA EntityManagerFactory for persistence unit 'default'
2022-10-09 15:24:49.962  WARN 18500 --- [restartedMain] JpaBaseConfiguration$JpaWebConfiguration : spring.jpa.open-in-view is enabled by default. Therefore, database queries may be performed during view rendering. Explicitly configure spring.jpa.open-in-view to disable this warning
2022-10-09 15:24:51.307  WARN 18500 --- [restartedMain] o.s.b.d.a.OptionalLiveReloadServer       : Unable to start LiveReload server
2022-10-09 15:24:51.497  INFO 18500 --- [restartedMain] o.s.b.a.e.web.EndpointLinksResolver      : Exposing 1 endpoint(s) beneath base path '/actuator'
2022-10-09 15:24:51.595  INFO 18500 --- [restartedMain] o.s.b.w.embedded.tomcat.TomcatWebServer  : Tomcat started on port(s): 9091 (http) with context path ''
2022-10-09 15:24:51.734  INFO 18500 --- [restartedMain] com.semih.UserServiceApplication         : Started UserServiceApplication in 8.654 seconds (JVM running for 10.161)
2022-10-09 15:24:52.008  INFO 18500 --- [RMI TCP Connection(3)-192.168.1.35] o.s.web.servlet.DispatcherServlet        : Initializing Servlet 'dispatcherServlet'
2022-10-09 15:24:52.015  INFO 18500 --- [RMI TCP Connection(3)-192.168.1.35] o.s.web.servlet.DispatcherServlet        : Completed initialization in 7 ms
